{"total": {"lines":{"total":636,"covered":100,"skipped":0,"pct":15.72},"statements":{"total":685,"covered":105,"skipped":0,"pct":15.33},"functions":{"total":235,"covered":34,"skipped":0,"pct":14.47},"branches":{"total":287,"covered":93,"skipped":0,"pct":32.4}}
,"/home/balazs/projects/bibic-vendeghazak/web/src/index.js": {"lines":{"total":11,"covered":0,"skipped":0,"pct":0},"functions":{"total":0,"covered":0,"skipped":0,"pct":100},"statements":{"total":11,"covered":0,"skipped":0,"pct":0},"branches":{"total":0,"covered":0,"skipped":0,"pct":100}}
,"/home/balazs/projects/bibic-vendeghazak/web/src/setupTests.js": {"lines":{"total":1,"covered":1,"skipped":0,"pct":100},"functions":{"total":0,"covered":0,"skipped":0,"pct":100},"statements":{"total":1,"covered":1,"skipped":0,"pct":100},"branches":{"total":0,"covered":0,"skipped":0,"pct":100}}
,"/home/balazs/projects/bibic-vendeghazak/web/src/components/App.js": {"lines":{"total":26,"covered":0,"skipped":0,"pct":0},"functions":{"total":15,"covered":0,"skipped":0,"pct":0},"statements":{"total":42,"covered":0,"skipped":0,"pct":0},"branches":{"total":2,"covered":0,"skipped":0,"pct":0}}
,"/home/balazs/projects/bibic-vendeghazak/web/src/components/AsyncComponent.jsx": {"lines":{"total":8,"covered":0,"skipped":0,"pct":0},"functions":{"total":3,"covered":0,"skipped":0,"pct":0},"statements":{"total":8,"covered":0,"skipped":0,"pct":0},"branches":{"total":2,"covered":0,"skipped":0,"pct":0}}
,"/home/balazs/projects/bibic-vendeghazak/web/src/components/ChatFAB.jsx": {"lines":{"total":6,"covered":0,"skipped":0,"pct":0},"functions":{"total":1,"covered":0,"skipped":0,"pct":0},"statements":{"total":6,"covered":0,"skipped":0,"pct":0},"branches":{"total":0,"covered":0,"skipped":0,"pct":100}}
,"/home/balazs/projects/bibic-vendeghazak/web/src/components/Hero.jsx": {"lines":{"total":19,"covered":0,"skipped":0,"pct":0},"functions":{"total":8,"covered":0,"skipped":0,"pct":0},"statements":{"total":20,"covered":0,"skipped":0,"pct":0},"branches":{"total":4,"covered":0,"skipped":0,"pct":0}}
,"/home/balazs/projects/bibic-vendeghazak/web/src/components/Introduction.jsx": {"lines":{"total":11,"covered":0,"skipped":0,"pct":0},"functions":{"total":3,"covered":0,"skipped":0,"pct":0},"statements":{"total":13,"covered":0,"skipped":0,"pct":0},"branches":{"total":0,"covered":0,"skipped":0,"pct":100}}
,"/home/balazs/projects/bibic-vendeghazak/web/src/components/Map.js": {"lines":{"total":10,"covered":0,"skipped":0,"pct":0},"functions":{"total":6,"covered":0,"skipped":0,"pct":0},"statements":{"total":12,"covered":0,"skipped":0,"pct":0},"branches":{"total":2,"covered":0,"skipped":0,"pct":0}}
,"/home/balazs/projects/bibic-vendeghazak/web/src/components/Menu.jsx": {"lines":{"total":33,"covered":0,"skipped":0,"pct":0},"functions":{"total":15,"covered":0,"skipped":0,"pct":0},"statements":{"total":35,"covered":0,"skipped":0,"pct":0},"branches":{"total":23,"covered":0,"skipped":0,"pct":0}}
,"/home/balazs/projects/bibic-vendeghazak/web/src/components/Message.jsx": {"lines":{"total":13,"covered":0,"skipped":0,"pct":0},"functions":{"total":5,"covered":0,"skipped":0,"pct":0},"statements":{"total":13,"covered":0,"skipped":0,"pct":0},"branches":{"total":0,"covered":0,"skipped":0,"pct":100}}
,"/home/balazs/projects/bibic-vendeghazak/web/src/components/MoreServices.jsx": {"lines":{"total":5,"covered":0,"skipped":0,"pct":0},"functions":{"total":2,"covered":0,"skipped":0,"pct":0},"statements":{"total":5,"covered":0,"skipped":0,"pct":0},"branches":{"total":0,"covered":0,"skipped":0,"pct":100}}
,"/home/balazs/projects/bibic-vendeghazak/web/src/components/Prices.jsx": {"lines":{"total":16,"covered":0,"skipped":0,"pct":0},"functions":{"total":9,"covered":0,"skipped":0,"pct":0},"statements":{"total":17,"covered":0,"skipped":0,"pct":0},"branches":{"total":2,"covered":0,"skipped":0,"pct":0}}
,"/home/balazs/projects/bibic-vendeghazak/web/src/components/Rooms.jsx": {"lines":{"total":41,"covered":0,"skipped":0,"pct":0},"functions":{"total":22,"covered":0,"skipped":0,"pct":0},"statements":{"total":41,"covered":0,"skipped":0,"pct":0},"branches":{"total":28,"covered":0,"skipped":0,"pct":0}}
,"/home/balazs/projects/bibic-vendeghazak/web/src/components/Services.jsx": {"lines":{"total":7,"covered":0,"skipped":0,"pct":0},"functions":{"total":2,"covered":0,"skipped":0,"pct":0},"statements":{"total":7,"covered":0,"skipped":0,"pct":0},"branches":{"total":2,"covered":0,"skipped":0,"pct":0}}
,"/home/balazs/projects/bibic-vendeghazak/web/src/components/Sunflower.jsx": {"lines":{"total":6,"covered":0,"skipped":0,"pct":0},"functions":{"total":1,"covered":0,"skipped":0,"pct":0},"statements":{"total":6,"covered":0,"skipped":0,"pct":0},"branches":{"total":0,"covered":0,"skipped":0,"pct":100}}
,"/home/balazs/projects/bibic-vendeghazak/web/src/components/ReservationForm/Footnote.jsx": {"lines":{"total":7,"covered":0,"skipped":0,"pct":0},"functions":{"total":1,"covered":0,"skipped":0,"pct":0},"statements":{"total":8,"covered":0,"skipped":0,"pct":0},"branches":{"total":0,"covered":0,"skipped":0,"pct":100}}
,"/home/balazs/projects/bibic-vendeghazak/web/src/components/ReservationForm/RoomSelector.jsx": {"lines":{"total":7,"covered":0,"skipped":0,"pct":0},"functions":{"total":3,"covered":0,"skipped":0,"pct":0},"statements":{"total":7,"covered":0,"skipped":0,"pct":0},"branches":{"total":6,"covered":0,"skipped":0,"pct":0}}
,"/home/balazs/projects/bibic-vendeghazak/web/src/components/ReservationForm/RoomServices.jsx": {"lines":{"total":6,"covered":0,"skipped":0,"pct":0},"functions":{"total":2,"covered":0,"skipped":0,"pct":0},"statements":{"total":6,"covered":0,"skipped":0,"pct":0},"branches":{"total":4,"covered":0,"skipped":0,"pct":0}}
,"/home/balazs/projects/bibic-vendeghazak/web/src/components/ReservationForm/index.js": {"lines":{"total":16,"covered":0,"skipped":0,"pct":0},"functions":{"total":4,"covered":0,"skipped":0,"pct":0},"statements":{"total":17,"covered":0,"skipped":0,"pct":0},"branches":{"total":0,"covered":0,"skipped":0,"pct":100}}
,"/home/balazs/projects/bibic-vendeghazak/web/src/components/ReservationForm/ReservationDetails/Calendar.jsx": {"lines":{"total":26,"covered":11,"skipped":0,"pct":42.31},"functions":{"total":7,"covered":2,"skipped":0,"pct":28.57},"statements":{"total":27,"covered":11,"skipped":0,"pct":40.74},"branches":{"total":9,"covered":3,"skipped":0,"pct":33.33}}
,"/home/balazs/projects/bibic-vendeghazak/web/src/components/ReservationForm/ReservationDetails/FoodService.jsx": {"lines":{"total":2,"covered":1,"skipped":0,"pct":50},"functions":{"total":1,"covered":0,"skipped":0,"pct":0},"statements":{"total":2,"covered":1,"skipped":0,"pct":50},"branches":{"total":0,"covered":0,"skipped":0,"pct":100}}
,"/home/balazs/projects/bibic-vendeghazak/web/src/components/ReservationForm/ReservationDetails/Message.jsx": {"lines":{"total":3,"covered":1,"skipped":0,"pct":33.33},"functions":{"total":2,"covered":0,"skipped":0,"pct":0},"statements":{"total":3,"covered":1,"skipped":0,"pct":33.33},"branches":{"total":0,"covered":0,"skipped":0,"pct":100}}
,"/home/balazs/projects/bibic-vendeghazak/web/src/components/ReservationForm/ReservationDetails/People.jsx": {"lines":{"total":2,"covered":1,"skipped":0,"pct":50},"functions":{"total":1,"covered":0,"skipped":0,"pct":0},"statements":{"total":2,"covered":1,"skipped":0,"pct":50},"branches":{"total":0,"covered":0,"skipped":0,"pct":100}}
,"/home/balazs/projects/bibic-vendeghazak/web/src/components/ReservationForm/ReservationDetails/index.js": {"lines":{"total":3,"covered":1,"skipped":0,"pct":33.33},"functions":{"total":1,"covered":0,"skipped":0,"pct":0},"statements":{"total":3,"covered":1,"skipped":0,"pct":33.33},"branches":{"total":5,"covered":0,"skipped":0,"pct":0}}
,"/home/balazs/projects/bibic-vendeghazak/web/src/components/db/index.js": {"lines":{"total":76,"covered":7,"skipped":0,"pct":9.21},"functions":{"total":38,"covered":3,"skipped":0,"pct":7.89},"statements":{"total":84,"covered":7,"skipped":0,"pct":8.33},"branches":{"total":25,"covered":0,"skipped":0,"pct":0}}
,"/home/balazs/projects/bibic-vendeghazak/web/src/components/db/message.js": {"lines":{"total":15,"covered":1,"skipped":0,"pct":6.67},"functions":{"total":5,"covered":0,"skipped":0,"pct":0},"statements":{"total":15,"covered":1,"skipped":0,"pct":6.67},"branches":{"total":2,"covered":0,"skipped":0,"pct":0}}
,"/home/balazs/projects/bibic-vendeghazak/web/src/components/db/notification.js": {"lines":{"total":18,"covered":1,"skipped":0,"pct":5.56},"functions":{"total":1,"covered":0,"skipped":0,"pct":0},"statements":{"total":18,"covered":1,"skipped":0,"pct":5.56},"branches":{"total":8,"covered":0,"skipped":0,"pct":0}}
,"/home/balazs/projects/bibic-vendeghazak/web/src/components/db/reservation.js": {"lines":{"total":51,"covered":4,"skipped":0,"pct":7.84},"functions":{"total":16,"covered":0,"skipped":0,"pct":0},"statements":{"total":56,"covered":4,"skipped":0,"pct":7.14},"branches":{"total":21,"covered":0,"skipped":0,"pct":0}}
,"/home/balazs/projects/bibic-vendeghazak/web/src/components/shared/Carousel.jsx": {"lines":{"total":13,"covered":0,"skipped":0,"pct":0},"functions":{"total":3,"covered":0,"skipped":0,"pct":0},"statements":{"total":13,"covered":0,"skipped":0,"pct":0},"branches":{"total":0,"covered":0,"skipped":0,"pct":100}}
,"/home/balazs/projects/bibic-vendeghazak/web/src/components/shared/Elements.jsx": {"lines":{"total":14,"covered":9,"skipped":0,"pct":64.29},"functions":{"total":8,"covered":2,"skipped":0,"pct":25},"statements":{"total":15,"covered":9,"skipped":0,"pct":60},"branches":{"total":9,"covered":2,"skipped":0,"pct":22.22}}
,"/home/balazs/projects/bibic-vendeghazak/web/src/components/shared/Gallery.jsx": {"lines":{"total":10,"covered":0,"skipped":0,"pct":0},"functions":{"total":3,"covered":0,"skipped":0,"pct":0},"statements":{"total":10,"covered":0,"skipped":0,"pct":0},"branches":{"total":8,"covered":0,"skipped":0,"pct":0}}
,"/home/balazs/projects/bibic-vendeghazak/web/src/components/shared/Paragraphs.jsx": {"lines":{"total":7,"covered":0,"skipped":0,"pct":0},"functions":{"total":2,"covered":0,"skipped":0,"pct":0},"statements":{"total":7,"covered":0,"skipped":0,"pct":0},"branches":{"total":2,"covered":0,"skipped":0,"pct":0}}
,"/home/balazs/projects/bibic-vendeghazak/web/src/components/shared/ScrollTo.jsx": {"lines":{"total":3,"covered":0,"skipped":0,"pct":0},"functions":{"total":1,"covered":0,"skipped":0,"pct":0},"statements":{"total":4,"covered":0,"skipped":0,"pct":0},"branches":{"total":0,"covered":0,"skipped":0,"pct":100}}
,"/home/balazs/projects/bibic-vendeghazak/web/src/components/shared/index.js": {"lines":{"total":1,"covered":0,"skipped":0,"pct":0},"functions":{"total":0,"covered":0,"skipped":0,"pct":100},"statements":{"total":1,"covered":0,"skipped":0,"pct":0},"branches":{"total":0,"covered":0,"skipped":0,"pct":100}}
,"/home/balazs/projects/bibic-vendeghazak/web/src/components/shared/Form/index.js": {"lines":{"total":4,"covered":4,"skipped":0,"pct":100},"functions":{"total":2,"covered":2,"skipped":0,"pct":100},"statements":{"total":4,"covered":4,"skipped":0,"pct":100},"branches":{"total":4,"covered":4,"skipped":0,"pct":100}}
,"/home/balazs/projects/bibic-vendeghazak/web/src/components/shared/Form/inputs/Children.jsx": {"lines":{"total":17,"covered":0,"skipped":0,"pct":0},"functions":{"total":5,"covered":0,"skipped":0,"pct":0},"statements":{"total":17,"covered":0,"skipped":0,"pct":0},"branches":{"total":4,"covered":0,"skipped":0,"pct":0}}
,"/home/balazs/projects/bibic-vendeghazak/web/src/components/shared/Form/inputs/Date.jsx": {"lines":{"total":3,"covered":2,"skipped":0,"pct":66.67},"functions":{"total":2,"covered":1,"skipped":0,"pct":50},"statements":{"total":3,"covered":2,"skipped":0,"pct":66.67},"branches":{"total":4,"covered":2,"skipped":0,"pct":50}}
,"/home/balazs/projects/bibic-vendeghazak/web/src/components/shared/Form/inputs/PeopleCount.jsx": {"lines":{"total":14,"covered":0,"skipped":0,"pct":0},"functions":{"total":3,"covered":0,"skipped":0,"pct":0},"statements":{"total":14,"covered":0,"skipped":0,"pct":0},"branches":{"total":6,"covered":0,"skipped":0,"pct":0}}
,"/home/balazs/projects/bibic-vendeghazak/web/src/components/shared/Form/inputs/Send.jsx": {"lines":{"total":2,"covered":1,"skipped":0,"pct":50},"functions":{"total":1,"covered":0,"skipped":0,"pct":0},"statements":{"total":2,"covered":1,"skipped":0,"pct":50},"branches":{"total":4,"covered":0,"skipped":0,"pct":0}}
,"/home/balazs/projects/bibic-vendeghazak/web/src/components/shared/Form/inputs/Service.jsx": {"lines":{"total":3,"covered":1,"skipped":0,"pct":33.33},"functions":{"total":2,"covered":0,"skipped":0,"pct":0},"statements":{"total":3,"covered":1,"skipped":0,"pct":33.33},"branches":{"total":0,"covered":0,"skipped":0,"pct":100}}
,"/home/balazs/projects/bibic-vendeghazak/web/src/components/shared/Form/inputs/index.js": {"lines":{"total":0,"covered":0,"skipped":0,"pct":100},"functions":{"total":0,"covered":0,"skipped":0,"pct":100},"statements":{"total":0,"covered":0,"skipped":0,"pct":100},"branches":{"total":0,"covered":0,"skipped":0,"pct":100}}
,"/home/balazs/projects/bibic-vendeghazak/web/src/components/shared/PersonalDetails/PersonalDetail.jsx": {"lines":{"total":20,"covered":0,"skipped":0,"pct":0},"functions":{"total":5,"covered":0,"skipped":0,"pct":0},"statements":{"total":22,"covered":0,"skipped":0,"pct":0},"branches":{"total":18,"covered":0,"skipped":0,"pct":0}}
,"/home/balazs/projects/bibic-vendeghazak/web/src/components/shared/PersonalDetails/index.js": {"lines":{"total":4,"covered":0,"skipped":0,"pct":0},"functions":{"total":0,"covered":0,"skipped":0,"pct":100},"statements":{"total":4,"covered":0,"skipped":0,"pct":0},"branches":{"total":1,"covered":0,"skipped":0,"pct":0}}
,"/home/balazs/projects/bibic-vendeghazak/web/src/lib/firebase.js": {"lines":{"total":17,"covered":0,"skipped":0,"pct":0},"functions":{"total":0,"covered":0,"skipped":0,"pct":100},"statements":{"total":17,"covered":0,"skipped":0,"pct":0},"branches":{"total":0,"covered":0,"skipped":0,"pct":100}}
,"/home/balazs/projects/bibic-vendeghazak/web/src/lib/google-maps.js": {"lines":{"total":2,"covered":0,"skipped":0,"pct":0},"functions":{"total":0,"covered":0,"skipped":0,"pct":100},"statements":{"total":2,"covered":0,"skipped":0,"pct":0},"branches":{"total":0,"covered":0,"skipped":0,"pct":100}}
,"/home/balazs/projects/bibic-vendeghazak/web/src/lib/moment.js": {"lines":{"total":3,"covered":0,"skipped":0,"pct":0},"functions":{"total":0,"covered":0,"skipped":0,"pct":100},"statements":{"total":3,"covered":0,"skipped":0,"pct":0},"branches":{"total":0,"covered":0,"skipped":0,"pct":100}}
,"/home/balazs/projects/bibic-vendeghazak/web/src/utils/colors.js": {"lines":{"total":1,"covered":1,"skipped":0,"pct":100},"functions":{"total":0,"covered":0,"skipped":0,"pct":100},"statements":{"total":1,"covered":1,"skipped":0,"pct":100},"branches":{"total":0,"covered":0,"skipped":0,"pct":100}}
,"/home/balazs/projects/bibic-vendeghazak/web/src/utils/compare.js": {"lines":{"total":8,"covered":8,"skipped":0,"pct":100},"functions":{"total":1,"covered":1,"skipped":0,"pct":100},"statements":{"total":10,"covered":10,"skipped":0,"pct":100},"branches":{"total":4,"covered":4,"skipped":0,"pct":100}}
,"/home/balazs/projects/bibic-vendeghazak/web/src/utils/constants.js": {"lines":{"total":4,"covered":4,"skipped":0,"pct":100},"functions":{"total":0,"covered":0,"skipped":0,"pct":100},"statements":{"total":4,"covered":4,"skipped":0,"pct":100},"branches":{"total":0,"covered":0,"skipped":0,"pct":100}}
,"/home/balazs/projects/bibic-vendeghazak/web/src/utils/language.js": {"lines":{"total":8,"covered":8,"skipped":0,"pct":100},"functions":{"total":4,"covered":4,"skipped":0,"pct":100},"statements":{"total":10,"covered":10,"skipped":0,"pct":100},"branches":{"total":6,"covered":6,"skipped":0,"pct":100}}
,"/home/balazs/projects/bibic-vendeghazak/web/src/utils/validate.js": {"lines":{"total":33,"covered":33,"skipped":0,"pct":100},"functions":{"total":19,"covered":19,"skipped":0,"pct":100},"statements":{"total":34,"covered":34,"skipped":0,"pct":100},"branches":{"total":72,"covered":72,"skipped":0,"pct":100}}
}
